Grammar

    0 $accept: exprlist $end

    1 exprlist: exprlist expr '\n'
    2         | %empty

    3 expr: expr '+' expr
    4     | expr '*' expr
    5     | expr '-' expr
    6     | expr '/' expr
    7     | NUM


Terminals, with rules where they appear

$end (0) 0
'\n' (10) 1
'*' (42) 4
'+' (43) 3
'-' (45) 5
'/' (47) 6
error (256)
NUM (258) 7


Nonterminals, with rules where they appear

$accept (9)
    on left: 0
exprlist (10)
    on left: 1 2, on right: 0 1
expr (11)
    on left: 3 4 5 6 7, on right: 1 3 4 5 6


State 0

    0 $accept: . exprlist $end

    $default  reduce using rule 2 (exprlist)

    exprlist  go to state 1


State 1

    0 $accept: exprlist . $end
    1 exprlist: exprlist . expr '\n'

    $end  shift, and go to state 2
    NUM   shift, and go to state 3

    expr  go to state 4


State 2

    0 $accept: exprlist $end .

    $default  accept


State 3

    7 expr: NUM .

    $default  reduce using rule 7 (expr)


State 4

    1 exprlist: exprlist expr . '\n'
    3 expr: expr . '+' expr
    4     | expr . '*' expr
    5     | expr . '-' expr
    6     | expr . '/' expr

    '+'   shift, and go to state 5
    '-'   shift, and go to state 6
    '*'   shift, and go to state 7
    '/'   shift, and go to state 8
    '\n'  shift, and go to state 9


State 5

    3 expr: expr '+' . expr

    NUM  shift, and go to state 3

    expr  go to state 10


State 6

    5 expr: expr '-' . expr

    NUM  shift, and go to state 3

    expr  go to state 11


State 7

    4 expr: expr '*' . expr

    NUM  shift, and go to state 3

    expr  go to state 12


State 8

    6 expr: expr '/' . expr

    NUM  shift, and go to state 3

    expr  go to state 13


State 9

    1 exprlist: exprlist expr '\n' .

    $default  reduce using rule 1 (exprlist)


State 10

    3 expr: expr . '+' expr
    3     | expr '+' expr .
    4     | expr . '*' expr
    5     | expr . '-' expr
    6     | expr . '/' expr

    '*'  shift, and go to state 7
    '/'  shift, and go to state 8

    $default  reduce using rule 3 (expr)


State 11

    3 expr: expr . '+' expr
    4     | expr . '*' expr
    5     | expr . '-' expr
    5     | expr '-' expr .
    6     | expr . '/' expr

    '*'  shift, and go to state 7
    '/'  shift, and go to state 8

    $default  reduce using rule 5 (expr)


State 12

    3 expr: expr . '+' expr
    4     | expr . '*' expr
    4     | expr '*' expr .
    5     | expr . '-' expr
    6     | expr . '/' expr

    $default  reduce using rule 4 (expr)


State 13

    3 expr: expr . '+' expr
    4     | expr . '*' expr
    5     | expr . '-' expr
    6     | expr . '/' expr
    6     | expr '/' expr .

    $default  reduce using rule 6 (expr)
